<?xml version="1.0" encoding="UTF-8"?>
<!-- Generated by org.testng.reporters.JUnitXMLReporter -->
<testsuite ignored="0" hostname="DESKTOP-N3F108K" failures="0" tests="1" name="Run on Chrome" time="0.163" errors="0" timestamp="17 May 2021 15:08:04 GMT">
  <testcase classname="com.nocommerce.user.User_01_Register_Login" name="@BeforeClass beforeclass" time="0.14">
    <failure type="java.lang.IllegalStateException" message="The driver executable does not exist: D:\OF AN\Learnselenium\03 - Hybrid FrameworkD:\OF AN\Learnselenium\03 - Hybrid Framework\browserDrivers\geckodriver.exe">
      <![CDATA[java.lang.IllegalStateException: The driver executable does not exist: D:\OF AN\Learnselenium\03 - Hybrid FrameworkD:\OF AN\Learnselenium\03 - Hybrid Framework\browserDrivers\geckodriver.exe
at com.google.common.base.Preconditions.checkState(Preconditions.java:585)
at org.openqa.selenium.remote.service.DriverService.checkExecutable(DriverService.java:146)
at org.openqa.selenium.remote.service.DriverService.findExecutable(DriverService.java:141)
at org.openqa.selenium.firefox.GeckoDriverService.access$100(GeckoDriverService.java:44)
at org.openqa.selenium.firefox.GeckoDriverService$Builder.findDefaultExecutable(GeckoDriverService.java:167)
at org.openqa.selenium.remote.service.DriverService$Builder.build(DriverService.java:355)
at org.openqa.selenium.firefox.FirefoxDriver.toExecutor(FirefoxDriver.java:190)
at org.openqa.selenium.firefox.FirefoxDriver.<init>(FirefoxDriver.java:147)
at org.openqa.selenium.firefox.FirefoxDriver.<init>(FirefoxDriver.java:125)
at com.nocommerce.user.User_01_Register_Login.beforeclass(User_01_Register_Login.java:16)
... Removed 26 stack frames]]>
    </failure>
  </testcase> <!-- @BeforeClass beforeclass -->
  <testcase classname="com.nocommerce.user.User_01_Register_Login" name="Tc_01_Register_Empty_Data" time="0.0">
    <skipped/>
  </testcase> <!-- Tc_01_Register_Empty_Data -->
</testsuite> <!-- Run on Chrome -->
