<?xml version="1.0" encoding="UTF-8"?>
<!-- Generated by org.testng.reporters.JUnitXMLReporter -->
<testsuite ignored="0" hostname="DESKTOP-N3F108K" failures="0" tests="3" name="Run on CHROME" time="14.14" errors="0" timestamp="01 Jul 2021 06:55:42 GMT">
  <testcase classname="com.nocommerce.user.Level_04_Register_Login_Multiple_Browser" name="Tc_01_Register" time="5.074"/>
  <testcase classname="com.nocommerce.user.Level_04_Register_Login_Multiple_Browser" name="Tc_02_Login" time="2.399"/>
  <testcase classname="com.nocommerce.user.Level_04_Register_Login_Multiple_Browser" name="Tc_03_Verifymyaccount" time="1.657"/>
</testsuite> <!-- Run on CHROME -->
