<?xml version="1.0" encoding="UTF-8"?>
<!-- Generated by org.testng.reporters.JUnitXMLReporter -->
<testsuite ignored="0" hostname="DESKTOP-N3F108K" failures="0" tests="3" name="Run on EDGE(failed)" time="0.046" errors="0" timestamp="01 Jul 2021 05:42:06 GMT">
  <testcase classname="com.nocommerce.user.Level_04_Register_Login_Multiple_Browser" name="@BeforeClass beforeclass" time="0.01">
    <failure type="java.lang.IllegalArgumentException" message="No enum constant commoms.BaseTest.BROWSER.EDGE">
      <![CDATA[java.lang.IllegalArgumentException: No enum constant commoms.BaseTest.BROWSER.EDGE
at java.base/java.lang.Enum.valueOf(Enum.java:273)
at commoms.BaseTest$BROWSER.valueOf(BaseTest.java:1)
at commoms.BaseTest.getBrowserDriver(BaseTest.java:23)
at com.nocommerce.user.Level_04_Register_Login_Multiple_Browser.beforeclass(Level_04_Register_Login_Multiple_Browser.java:40)
... Removed 26 stack frames]]>
    </failure>
  </testcase> <!-- @BeforeClass beforeclass -->
  <testcase classname="com.nocommerce.user.Level_04_Register_Login_Multiple_Browser" name="@AfterClass affterClass" time="0.0">
    <skipped/>
  </testcase> <!-- @AfterClass affterClass -->
  <testcase classname="com.nocommerce.user.Level_04_Register_Login_Multiple_Browser" name="Tc_03_Verifymyaccount" time="0.0">
    <skipped/>
  </testcase> <!-- Tc_03_Verifymyaccount -->
  <testcase classname="com.nocommerce.user.Level_04_Register_Login_Multiple_Browser" name="Tc_01_Register" time="0.0">
    <skipped/>
  </testcase> <!-- Tc_01_Register -->
  <testcase classname="com.nocommerce.user.Level_04_Register_Login_Multiple_Browser" name="Tc_02_Login" time="0.0">
    <skipped/>
  </testcase> <!-- Tc_02_Login -->
</testsuite> <!-- Run on EDGE(failed) -->
