<?xml version="1.0" encoding="UTF-8"?>
<testng-results ignored="0" total="1" passed="1" failed="0" skipped="0">
  <reporter-output>
  </reporter-output>
  <suite started-at="2021-05-17T16:03:54Z" name="Default suite" finished-at="2021-05-17T16:04:03Z" duration-ms="9419">
    <groups>
    </groups>
    <test started-at="2021-05-17T16:03:54Z" name="Default test" finished-at="2021-05-17T16:04:03Z" duration-ms="9419">
      <class name="com.nocommerce.user.User_01_Register_Login">
        <test-method is-config="true" signature="beforeclass()[pri:0, instance:com.nocommerce.user.User_01_Register_Login@26794848]" started-at="2021-05-17T16:03:54Z" name="beforeclass" finished-at="2021-05-17T16:04:03Z" duration-ms="9395" status="PASS">
          <reporter-output>
          </reporter-output>
        </test-method> <!-- beforeclass -->
        <test-method signature="Tc_01_Register_Empty_Data()[pri:0, instance:com.nocommerce.user.User_01_Register_Login@26794848]" started-at="2021-05-17T16:04:03Z" name="Tc_01_Register_Empty_Data" finished-at="2021-05-17T16:04:03Z" duration-ms="5" status="PASS">
          <reporter-output>
          </reporter-output>
        </test-method> <!-- Tc_01_Register_Empty_Data -->
      </class> <!-- com.nocommerce.user.User_01_Register_Login -->
    </test> <!-- Default test -->
  </suite> <!-- Default suite -->
</testng-results>
